<?xml version="1.0" encoding="utf-8"?>

<!--+
    |  Check a space in a value.  This should not be marked
    |  up.
    +-->

<xylophone>
  <publish>
    <object rdn="o">
      <attr name="o">Test value</attr>
    </object>
  </publish>
</xylophone>
