<?xml version="1.0" encoding="utf-8"?>

<!--+
    |  Check two spaces at the beginning of a value.
    +-->

<xylophone>
  <publish>
    <object rdn="o">
      <attr name="o">  Test</attr>
    </object>
  </publish>
</xylophone>
