<?xml version="1.0" encoding="utf-8"?>

<!--+
    |  Check '<' in the middle of a value
    +-->

<xylophone>
  <publish>
    <object rdn="o">
      <attr name="o">Test&lt;value</attr>
    </object>
  </publish>
</xylophone>
