<?xml version="1.0" encoding="utf-8"?>

<!--+
    |  Check ';' at the end of a value
    +-->

<xylophone>
  <publish>
    <object rdn="o">
      <attr name="o">Test;</attr>
    </object>
  </publish>
</xylophone>
