<?xml version="1.0"?>

<xylophone>
  <publish>
    <object hidden="1" rdn="o">
      <attr name="o">ACME</attr>

      <object rdn="classificationId"
	      select="/test-element/animals/*">
        <comment>From <xpath/></comment>

	<attr name="classificationName"><lookup path="name()"/></attr>
	<attr name="classificationId"><lookup path="@type-id"/></attr>

	<object rdn="animalName" select="*">
          <comment>From <xpath/></comment>

	  <attr name="animalName"><lookup path="name"/></attr>
	  <attr name="animalType"><lookup path="@type"/></attr>
	</object>

      </object>

    </object>
  </publish>
</xylophone>
