<?xml version="1.0" encoding="utf-8"?>

<!--+
    |  test-1 : check the empty content works OK.
    +-->

<xylophone>
  <publish>
    <object rdn="o">
      <attr name="o"><lookup path="/test-element/first/metrics/metric[@name='second-metric']"/></attr>
    </object>
  </publish>
</xylophone>
