<?xml version="1.0"?>
<xylophone>
  <publish>
    <object hidden="1" rdn="system">
      <attr name="system">batch-system</attr>

      <!-- Select all job-batch elements -->
      <object rdn="jobBatchId" select="/batch-system/job-batches/job-batch">
	<attr name="jobBatchId"><lookup path="@id"/></attr>
	<attr name="jobBatchName"><lookup path="name"/></attr>
	<attr name="jobBatchPriority"><lookup path="priority"/></attr>
      </object>

    </object>
  </publish>
</xylophone>