<?xml version="1.0" encoding="utf-8"?>

<!--+
    |  test-1 : check the empty content works OK.
    +-->

<xylophone>
  <publish>
    <object rdn="o" comment="This is a comment">
      <attr name="o">test-organisation</attr>
    </object>
  </publish>
</xylophone>
