<?xml version="1.0" encoding="utf-8"?>

<!--+
    |  test-2 : check the empty content works OK.
    +-->

<xylophone>
  <publish/>
</xylophone>
