

<xylophone>
  <publish>
    <object rdn="o" hidden="1">
      <attr name="o">test-organisation</attr>

      <object rdn="TestType" hidden="1">
        <attr name="TestType">unique-with-map</attr>

	<!-- Objects can have a unique -->
        <object rdn="TestID">
          <attr name="TestID">1</attr>

	  <object rdn="ou"
		  select="/units/unit">

	    <unique>
	      <map name="name to official name">
		<lookup path="@name"/>
	      </map>
	    </unique>

	    <attr name="ou">
	      <map name="name to official name">
		<lookup path="@name"/>
	      </map>
	    </attr>

	    <attr name="manager">
	      <lookup path="manager"/>
	    </attr>
	  </object>
	</object>
      </object>
    </object>
  </publish>

  <mapping>
    <map name="name to official name">
      <sub match="unit 1" replace-with="Publishing"/>
      <sub match="unit 2" replace-with="Sales"/>
      <sub match="unit 3" replace-with="Publishing"/>
    </map>
  </mapping>

</xylophone>