<?xml version="1.0" encoding="utf-8"?>

<!--+
    |  Check sum path works as expected
    +-->

<xylophone>
  <publish>
    <object hidden="1" rdn="o">
      <attr name="o">ACME</attr>

      <object rdn="object" select="/items/object">
	<attr name="object"><lookup path="@name"/></attr>
	<attr name="sum"><sum path="item"/></attr>
      </object>

    </object>
  </publish>
</xylophone>
