<?xml version="1.0" encoding="utf-8"?>

<!--+
    |  Check sum path works as expected
    +-->

<xylophone>
  <publish>
    <object rdn="o">
      <attr name="o">test</attr>
      <attr name="sum"><sum xml-src-uri="/home/paul/FromCVS/xylophone/tests/sum/dynamic-2.xml"
			    path="/items/item"/></attr>
    </object>
  </publish>
</xylophone>
